2024-10-17 10:43:37.877 +02:00 [INF] Executed DbCommand (3ms) [Parameters=[], CommandType='"Text"', CommandTimeout='30']
PRAGMA journal_mode = 'wal';
2024-10-17 10:43:37.927 +02:00 [INF] Executed DbCommand (0ms) [Parameters=[], CommandType='"Text"', CommandTimeout='30']
CREATE TABLE "Admins" (
    "AdminId" INTEGER NOT NULL CONSTRAINT "PK_Admins" PRIMARY KEY AUTOINCREMENT,
    "Username" TEXT NOT NULL,
    "Email" TEXT NOT NULL,
    "HashedPassword" TEXT NOT NULL
);
2024-10-17 10:43:37.927 +02:00 [INF] Executed DbCommand (0ms) [Parameters=[], CommandType='"Text"', CommandTimeout='30']
CREATE TABLE "Users" (
    "UserId" INTEGER NOT NULL CONSTRAINT "PK_Users" PRIMARY KEY AUTOINCREMENT,
    "Username" TEXT NOT NULL,
    "Email" TEXT NOT NULL,
    "HashedPassword" TEXT NOT NULL
);
2024-10-17 10:43:37.927 +02:00 [INF] Executed DbCommand (0ms) [Parameters=[], CommandType='"Text"', CommandTimeout='30']
CREATE TABLE "Pinpoints" (
    "PinpointId" INTEGER NOT NULL CONSTRAINT "PK_Pinpoints" PRIMARY KEY AUTOINCREMENT,
    "Name" TEXT NOT NULL,
    "Latitude" REAL NOT NULL,
    "Longitude" REAL NOT NULL,
    "Description" TEXT NULL,
    "ImageUrl" TEXT NULL,
    "UserId" INTEGER NOT NULL,
    "UsersUserId" INTEGER NULL,
    "AdminId" INTEGER NULL,
    CONSTRAINT "FK_Pinpoints_Admins_AdminId" FOREIGN KEY ("AdminId") REFERENCES "Admins" ("AdminId"),
    CONSTRAINT "FK_Pinpoints_Users_UsersUserId" FOREIGN KEY ("UsersUserId") REFERENCES "Users" ("UserId")
);
2024-10-17 10:43:37.927 +02:00 [INF] Executed DbCommand (0ms) [Parameters=[], CommandType='"Text"', CommandTimeout='30']
CREATE TABLE "Comments" (
    "CommentId" INTEGER NOT NULL CONSTRAINT "PK_Comments" PRIMARY KEY AUTOINCREMENT,
    "Text" TEXT NOT NULL,
    "PinpointId" INTEGER NOT NULL,
    "UserId" INTEGER NOT NULL,
    "UsersUserId" INTEGER NULL,
    "AdminId" INTEGER NULL,
    CONSTRAINT "FK_Comments_Admins_AdminId" FOREIGN KEY ("AdminId") REFERENCES "Admins" ("AdminId"),
    CONSTRAINT "FK_Comments_Pinpoints_PinpointId" FOREIGN KEY ("PinpointId") REFERENCES "Pinpoints" ("PinpointId") ON DELETE CASCADE,
    CONSTRAINT "FK_Comments_Users_UsersUserId" FOREIGN KEY ("UsersUserId") REFERENCES "Users" ("UserId")
);
2024-10-17 10:43:37.927 +02:00 [INF] Executed DbCommand (0ms) [Parameters=[], CommandType='"Text"', CommandTimeout='30']
CREATE INDEX "IX_Comments_AdminId" ON "Comments" ("AdminId");
2024-10-17 10:43:37.927 +02:00 [INF] Executed DbCommand (0ms) [Parameters=[], CommandType='"Text"', CommandTimeout='30']
CREATE INDEX "IX_Comments_PinpointId" ON "Comments" ("PinpointId");
2024-10-17 10:43:37.928 +02:00 [INF] Executed DbCommand (0ms) [Parameters=[], CommandType='"Text"', CommandTimeout='30']
CREATE INDEX "IX_Comments_UsersUserId" ON "Comments" ("UsersUserId");
2024-10-17 10:43:37.928 +02:00 [INF] Executed DbCommand (0ms) [Parameters=[], CommandType='"Text"', CommandTimeout='30']
CREATE INDEX "IX_Pinpoints_AdminId" ON "Pinpoints" ("AdminId");
2024-10-17 10:43:37.928 +02:00 [INF] Executed DbCommand (0ms) [Parameters=[], CommandType='"Text"', CommandTimeout='30']
CREATE INDEX "IX_Pinpoints_UsersUserId" ON "Pinpoints" ("UsersUserId");
2024-10-17 10:43:38.010 +02:00 [INF] Executed DbCommand (0ms) [Parameters=[], CommandType='"Text"', CommandTimeout='30']
SELECT EXISTS (
    SELECT 1
    FROM "Users" AS "u")
2024-10-17 10:43:38.069 +02:00 [INF] Executed DbCommand (1ms) [Parameters=[@p0='?' (Size = 17), @p1='?', @p2='?' (Size = 12)], CommandType='"Text"', CommandTimeout='30']
INSERT INTO "Users" ("Email", "HashedPassword", "Username")
VALUES (@p0, @p1, @p2)
RETURNING "UserId";
2024-10-17 10:43:38.074 +02:00 [INF] Executed DbCommand (0ms) [Parameters=[@p0='?' (Size = 15), @p1='?', @p2='?' (Size = 12)], CommandType='"Text"', CommandTimeout='30']
INSERT INTO "Users" ("Email", "HashedPassword", "Username")
VALUES (@p0, @p1, @p2)
RETURNING "UserId";
2024-10-17 10:43:38.078 +02:00 [INF] Executed DbCommand (0ms) [Parameters=[], CommandType='"Text"', CommandTimeout='30']
SELECT EXISTS (
    SELECT 1
    FROM "Pinpoints" AS "p")
2024-10-17 10:43:38.093 +02:00 [INF] Executed DbCommand (1ms) [Parameters=[@p0='?' (DbType = Int32), @p1='?', @p2='?', @p3='?' (DbType = Double), @p4='?' (DbType = Double), @p5='?' (Size = 12), @p6='?' (DbType = Int32), @p7='?' (DbType = Int32)], CommandType='"Text"', CommandTimeout='30']
INSERT INTO "Pinpoints" ("AdminId", "Description", "ImageUrl", "Latitude", "Longitude", "Name", "UserId", "UsersUserId")
VALUES (@p0, @p1, @p2, @p3, @p4, @p5, @p6, @p7)
RETURNING "PinpointId";
2024-10-17 10:43:38.094 +02:00 [INF] Executed DbCommand (0ms) [Parameters=[@p0='?' (DbType = Int32), @p1='?', @p2='?', @p3='?' (DbType = Double), @p4='?' (DbType = Double), @p5='?' (Size = 17), @p6='?' (DbType = Int32), @p7='?' (DbType = Int32)], CommandType='"Text"', CommandTimeout='30']
INSERT INTO "Pinpoints" ("AdminId", "Description", "ImageUrl", "Latitude", "Longitude", "Name", "UserId", "UsersUserId")
VALUES (@p0, @p1, @p2, @p3, @p4, @p5, @p6, @p7)
RETURNING "PinpointId";
2024-10-17 10:43:38.095 +02:00 [INF] Executed DbCommand (0ms) [Parameters=[], CommandType='"Text"', CommandTimeout='30']
SELECT EXISTS (
    SELECT 1
    FROM "Comments" AS "c")
2024-10-17 10:43:38.107 +02:00 [INF] Executed DbCommand (0ms) [Parameters=[@p0='?' (DbType = Int32), @p1='?' (DbType = Int32), @p2='?' (Size = 22), @p3='?' (DbType = Int32), @p4='?' (DbType = Int32)], CommandType='"Text"', CommandTimeout='30']
INSERT INTO "Comments" ("AdminId", "PinpointId", "Text", "UserId", "UsersUserId")
VALUES (@p0, @p1, @p2, @p3, @p4)
RETURNING "CommentId";
2024-10-17 10:43:38.108 +02:00 [INF] Executed DbCommand (0ms) [Parameters=[@p0='?' (DbType = Int32), @p1='?' (DbType = Int32), @p2='?' (Size = 21), @p3='?' (DbType = Int32), @p4='?' (DbType = Int32)], CommandType='"Text"', CommandTimeout='30']
INSERT INTO "Comments" ("AdminId", "PinpointId", "Text", "UserId", "UsersUserId")
VALUES (@p0, @p1, @p2, @p3, @p4)
RETURNING "CommentId";
2024-10-17 10:43:38.149 +02:00 [INF] User profile is available. Using '/Users/75vikpet/.aspnet/DataProtection-Keys' as key repository; keys will not be encrypted at rest.
2024-10-17 10:43:38.169 +02:00 [INF] Now listening on: http://localhost:5091
2024-10-17 10:43:38.170 +02:00 [INF] Application started. Press Ctrl+C to shut down.
2024-10-17 10:43:38.171 +02:00 [INF] Hosting environment: Development
2024-10-17 10:43:38.171 +02:00 [INF] Content root path: /Users/75vikpet/Documents/ITPE3200-Eksamen/Eksamen2024
2024-10-17 10:43:42.537 +02:00 [INF] Request starting HTTP/1.1 GET http://localhost:5091/ - null null
2024-10-17 10:43:42.542 +02:00 [WRN] Failed to determine the https port for redirect.
2024-10-17 10:43:42.551 +02:00 [INF] Executing endpoint 'Eksamen2024.Controllers.HomeController.Index (Eksamen2024)'
2024-10-17 10:43:42.556 +02:00 [INF] Route matched with {action = "Index", controller = "Home"}. Executing controller action with signature Microsoft.AspNetCore.Mvc.IActionResult Index() on controller Eksamen2024.Controllers.HomeController (Eksamen2024).
2024-10-17 10:43:42.571 +02:00 [INF] Executing ViewResult, running view Index.
2024-10-17 10:43:42.677 +02:00 [INF] Executed ViewResult - view Index executed in 106.6165ms.
2024-10-17 10:43:42.678 +02:00 [INF] Executed action Eksamen2024.Controllers.HomeController.Index (Eksamen2024) in 121.0108ms
2024-10-17 10:43:42.678 +02:00 [INF] Executed endpoint 'Eksamen2024.Controllers.HomeController.Index (Eksamen2024)'
2024-10-17 10:43:42.679 +02:00 [INF] Request finished HTTP/1.1 GET http://localhost:5091/ - 200 null text/html; charset=utf-8 142.2229ms
2024-10-17 10:43:43.100 +02:00 [INF] Request starting HTTP/1.1 GET http://localhost:5091/lib/bootstrap/dist/css/bootstrap.min.css - null null
2024-10-17 10:43:43.112 +02:00 [INF] Request starting HTTP/1.1 GET http://localhost:5091/lib/jquery/dist/jquery.min.js - null null
2024-10-17 10:43:43.112 +02:00 [INF] Request starting HTTP/1.1 GET http://localhost:5091/Eksamen2024.styles.css?v=GvorFiJXBNSHmTC8Alas1K8wyw4_yHijelSZJSrJFkY - null null
2024-10-17 10:43:43.112 +02:00 [INF] Request starting HTTP/1.1 GET http://localhost:5091/lib/bootstrap/dist/js/bootstrap.bundle.min.js - null null
2024-10-17 10:43:43.112 +02:00 [INF] Request starting HTTP/1.1 GET http://localhost:5091/css/site.css?v=pAGv4ietcJNk_EwsQZ5BN9-K4MuNYS2a9wl4Jw-q9D0 - null null
2024-10-17 10:43:43.116 +02:00 [INF] The file /css/site.css was not modified
2024-10-17 10:43:43.117 +02:00 [INF] Request finished HTTP/1.1 GET http://localhost:5091/css/site.css?v=pAGv4ietcJNk_EwsQZ5BN9-K4MuNYS2a9wl4Jw-q9D0 - 304 null text/css 4.6119ms
2024-10-17 10:43:43.119 +02:00 [INF] Sending file. Request path: '/Eksamen2024.styles.css'. Physical path: '/Users/75vikpet/Documents/ITPE3200-Eksamen/Eksamen2024/obj/Debug/net8.0/scopedcss/bundle/Eksamen2024.styles.css'
2024-10-17 10:43:43.119 +02:00 [INF] Sending file. Request path: '/lib/bootstrap/dist/css/bootstrap.min.css'. Physical path: '/Users/75vikpet/Documents/ITPE3200-Eksamen/Eksamen2024/wwwroot/lib/bootstrap/dist/css/bootstrap.min.css'
2024-10-17 10:43:43.119 +02:00 [INF] Sending file. Request path: '/lib/jquery/dist/jquery.min.js'. Physical path: '/Users/75vikpet/Documents/ITPE3200-Eksamen/Eksamen2024/wwwroot/lib/jquery/dist/jquery.min.js'
2024-10-17 10:43:43.119 +02:00 [INF] Sending file. Request path: '/lib/bootstrap/dist/js/bootstrap.bundle.min.js'. Physical path: '/Users/75vikpet/Documents/ITPE3200-Eksamen/Eksamen2024/wwwroot/lib/bootstrap/dist/js/bootstrap.bundle.min.js'
2024-10-17 10:43:43.120 +02:00 [INF] Request finished HTTP/1.1 GET http://localhost:5091/Eksamen2024.styles.css?v=GvorFiJXBNSHmTC8Alas1K8wyw4_yHijelSZJSrJFkY - 200 2951 text/css 8.2646ms
2024-10-17 10:43:43.120 +02:00 [INF] Request finished HTTP/1.1 GET http://localhost:5091/lib/jquery/dist/jquery.min.js - 200 89501 text/javascript 8.2381ms
2024-10-17 10:43:43.120 +02:00 [INF] Request finished HTTP/1.1 GET http://localhost:5091/lib/bootstrap/dist/css/bootstrap.min.css - 200 162720 text/css 19.8482ms
2024-10-17 10:43:43.120 +02:00 [INF] Request finished HTTP/1.1 GET http://localhost:5091/lib/bootstrap/dist/js/bootstrap.bundle.min.js - 200 78468 text/javascript 7.8794ms
2024-10-17 10:43:43.122 +02:00 [INF] Request starting HTTP/1.1 GET http://localhost:5091/js/testPinpoints.js - null null
2024-10-17 10:43:43.123 +02:00 [INF] Request starting HTTP/1.1 GET http://localhost:5091/js/site.js?v=hRQyftXiu1lLX2P9Ly9xa4gHJgLeR1uGN5qegUobtGo - null null
2024-10-17 10:43:43.123 +02:00 [INF] The file /js/testPinpoints.js was not modified
2024-10-17 10:43:43.123 +02:00 [INF] The file /js/site.js was not modified
2024-10-17 10:43:43.123 +02:00 [INF] Request finished HTTP/1.1 GET http://localhost:5091/js/site.js?v=hRQyftXiu1lLX2P9Ly9xa4gHJgLeR1uGN5qegUobtGo - 304 null text/javascript 0.7372ms
2024-10-17 10:43:43.123 +02:00 [INF] Request finished HTTP/1.1 GET http://localhost:5091/js/testPinpoints.js - 304 null text/javascript 0.7065ms
2024-10-17 10:43:43.272 +02:00 [INF] Request starting HTTP/1.1 GET http://localhost:5091/api/pinpoints - null null
2024-10-17 10:43:43.275 +02:00 [INF] Request finished HTTP/1.1 GET http://localhost:5091/api/pinpoints - 404 0 null 2.9345ms
2024-10-17 10:43:43.275 +02:00 [INF] Request reached the end of the middleware pipeline without being handled by application code. Request path: GET http://localhost:5091/api/pinpoints, Response status code: 404
2024-10-17 10:43:43.449 +02:00 [INF] Request starting HTTP/1.1 GET http://localhost:5091/favicon.ico - null null
2024-10-17 10:43:43.451 +02:00 [INF] Sending file. Request path: '/favicon.ico'. Physical path: '/Users/75vikpet/Documents/ITPE3200-Eksamen/Eksamen2024/wwwroot/favicon.ico'
2024-10-17 10:43:43.452 +02:00 [INF] Request finished HTTP/1.1 GET http://localhost:5091/favicon.ico - 200 5430 image/x-icon 2.6835ms
2024-10-17 10:44:15.142 +02:00 [INF] Application is shutting down...
