2024-10-03 13:23:46.986 +02:00 [INF] Executed DbCommand (4ms) [Parameters=[], CommandType='"Text"', CommandTimeout='30']
PRAGMA journal_mode = 'wal';
2024-10-03 13:23:47.043 +02:00 [INF] Executed DbCommand (0ms) [Parameters=[], CommandType='"Text"', CommandTimeout='30']
CREATE TABLE "Admins" (
    "AdminId" INTEGER NOT NULL CONSTRAINT "PK_Admins" PRIMARY KEY AUTOINCREMENT,
    "Username" TEXT NOT NULL,
    "Email" TEXT NOT NULL,
    "HashedPassword" TEXT NOT NULL
);
2024-10-03 13:23:47.043 +02:00 [INF] Executed DbCommand (0ms) [Parameters=[], CommandType='"Text"', CommandTimeout='30']
CREATE TABLE "Users" (
    "UserId" INTEGER NOT NULL CONSTRAINT "PK_Users" PRIMARY KEY AUTOINCREMENT,
    "Username" TEXT NOT NULL,
    "Email" TEXT NOT NULL,
    "HashedPassword" TEXT NOT NULL
);
2024-10-03 13:23:47.043 +02:00 [INF] Executed DbCommand (0ms) [Parameters=[], CommandType='"Text"', CommandTimeout='30']
CREATE TABLE "Pinpoints" (
    "PinpointId" INTEGER NOT NULL CONSTRAINT "PK_Pinpoints" PRIMARY KEY AUTOINCREMENT,
    "Name" TEXT NOT NULL,
    "Latitude" REAL NOT NULL,
    "Longitude" REAL NOT NULL,
    "Description" TEXT NULL,
    "ImageUrl" TEXT NULL,
    "UserId" INTEGER NOT NULL,
    "UsersUserId" INTEGER NULL,
    "AdminId" INTEGER NULL,
    CONSTRAINT "FK_Pinpoints_Admins_AdminId" FOREIGN KEY ("AdminId") REFERENCES "Admins" ("AdminId"),
    CONSTRAINT "FK_Pinpoints_Users_UsersUserId" FOREIGN KEY ("UsersUserId") REFERENCES "Users" ("UserId")
);
2024-10-03 13:23:47.043 +02:00 [INF] Executed DbCommand (0ms) [Parameters=[], CommandType='"Text"', CommandTimeout='30']
CREATE TABLE "Comments" (
    "CommentId" INTEGER NOT NULL CONSTRAINT "PK_Comments" PRIMARY KEY AUTOINCREMENT,
    "Text" TEXT NOT NULL,
    "PinpointId" INTEGER NOT NULL,
    "UserId" INTEGER NOT NULL,
    "UsersUserId" INTEGER NULL,
    "AdminId" INTEGER NULL,
    CONSTRAINT "FK_Comments_Admins_AdminId" FOREIGN KEY ("AdminId") REFERENCES "Admins" ("AdminId"),
    CONSTRAINT "FK_Comments_Pinpoints_PinpointId" FOREIGN KEY ("PinpointId") REFERENCES "Pinpoints" ("PinpointId") ON DELETE CASCADE,
    CONSTRAINT "FK_Comments_Users_UsersUserId" FOREIGN KEY ("UsersUserId") REFERENCES "Users" ("UserId")
);
2024-10-03 13:23:47.044 +02:00 [INF] Executed DbCommand (0ms) [Parameters=[], CommandType='"Text"', CommandTimeout='30']
CREATE INDEX "IX_Comments_AdminId" ON "Comments" ("AdminId");
2024-10-03 13:23:47.044 +02:00 [INF] Executed DbCommand (0ms) [Parameters=[], CommandType='"Text"', CommandTimeout='30']
CREATE INDEX "IX_Comments_PinpointId" ON "Comments" ("PinpointId");
2024-10-03 13:23:47.044 +02:00 [INF] Executed DbCommand (0ms) [Parameters=[], CommandType='"Text"', CommandTimeout='30']
CREATE INDEX "IX_Comments_UsersUserId" ON "Comments" ("UsersUserId");
2024-10-03 13:23:47.044 +02:00 [INF] Executed DbCommand (0ms) [Parameters=[], CommandType='"Text"', CommandTimeout='30']
CREATE INDEX "IX_Pinpoints_AdminId" ON "Pinpoints" ("AdminId");
2024-10-03 13:23:47.044 +02:00 [INF] Executed DbCommand (0ms) [Parameters=[], CommandType='"Text"', CommandTimeout='30']
CREATE INDEX "IX_Pinpoints_UsersUserId" ON "Pinpoints" ("UsersUserId");
2024-10-03 13:23:47.122 +02:00 [INF] Executed DbCommand (0ms) [Parameters=[], CommandType='"Text"', CommandTimeout='30']
SELECT EXISTS (
    SELECT 1
    FROM "Users" AS "u")
2024-10-03 13:23:47.183 +02:00 [INF] Executed DbCommand (1ms) [Parameters=[@p0='?' (Size = 17), @p1='?', @p2='?' (Size = 12)], CommandType='"Text"', CommandTimeout='30']
INSERT INTO "Users" ("Email", "HashedPassword", "Username")
VALUES (@p0, @p1, @p2)
RETURNING "UserId";
2024-10-03 13:23:47.188 +02:00 [INF] Executed DbCommand (0ms) [Parameters=[@p0='?' (Size = 15), @p1='?', @p2='?' (Size = 12)], CommandType='"Text"', CommandTimeout='30']
INSERT INTO "Users" ("Email", "HashedPassword", "Username")
VALUES (@p0, @p1, @p2)
RETURNING "UserId";
2024-10-03 13:23:47.192 +02:00 [INF] Executed DbCommand (0ms) [Parameters=[], CommandType='"Text"', CommandTimeout='30']
SELECT EXISTS (
    SELECT 1
    FROM "Pinpoints" AS "p")
2024-10-03 13:23:47.207 +02:00 [INF] Executed DbCommand (0ms) [Parameters=[@p0='?' (DbType = Int32), @p1='?', @p2='?', @p3='?' (DbType = Double), @p4='?' (DbType = Double), @p5='?' (Size = 12), @p6='?' (DbType = Int32), @p7='?' (DbType = Int32)], CommandType='"Text"', CommandTimeout='30']
INSERT INTO "Pinpoints" ("AdminId", "Description", "ImageUrl", "Latitude", "Longitude", "Name", "UserId", "UsersUserId")
VALUES (@p0, @p1, @p2, @p3, @p4, @p5, @p6, @p7)
RETURNING "PinpointId";
2024-10-03 13:23:47.208 +02:00 [INF] Executed DbCommand (0ms) [Parameters=[@p0='?' (DbType = Int32), @p1='?', @p2='?', @p3='?' (DbType = Double), @p4='?' (DbType = Double), @p5='?' (Size = 17), @p6='?' (DbType = Int32), @p7='?' (DbType = Int32)], CommandType='"Text"', CommandTimeout='30']
INSERT INTO "Pinpoints" ("AdminId", "Description", "ImageUrl", "Latitude", "Longitude", "Name", "UserId", "UsersUserId")
VALUES (@p0, @p1, @p2, @p3, @p4, @p5, @p6, @p7)
RETURNING "PinpointId";
2024-10-03 13:23:47.210 +02:00 [INF] Executed DbCommand (0ms) [Parameters=[], CommandType='"Text"', CommandTimeout='30']
SELECT EXISTS (
    SELECT 1
    FROM "Comments" AS "c")
2024-10-03 13:23:47.221 +02:00 [INF] Executed DbCommand (0ms) [Parameters=[@p0='?' (DbType = Int32), @p1='?' (DbType = Int32), @p2='?' (Size = 22), @p3='?' (DbType = Int32), @p4='?' (DbType = Int32)], CommandType='"Text"', CommandTimeout='30']
INSERT INTO "Comments" ("AdminId", "PinpointId", "Text", "UserId", "UsersUserId")
VALUES (@p0, @p1, @p2, @p3, @p4)
RETURNING "CommentId";
2024-10-03 13:23:47.222 +02:00 [INF] Executed DbCommand (0ms) [Parameters=[@p0='?' (DbType = Int32), @p1='?' (DbType = Int32), @p2='?' (Size = 21), @p3='?' (DbType = Int32), @p4='?' (DbType = Int32)], CommandType='"Text"', CommandTimeout='30']
INSERT INTO "Comments" ("AdminId", "PinpointId", "Text", "UserId", "UsersUserId")
VALUES (@p0, @p1, @p2, @p3, @p4)
RETURNING "CommentId";
2024-10-03 13:23:47.255 +02:00 [INF] User profile is available. Using '/Users/75vikpet/.aspnet/DataProtection-Keys' as key repository; keys will not be encrypted at rest.
2024-10-03 13:23:47.278 +02:00 [INF] Now listening on: http://localhost:5091
2024-10-03 13:23:47.279 +02:00 [INF] Application started. Press Ctrl+C to shut down.
2024-10-03 13:23:47.279 +02:00 [INF] Hosting environment: Development
2024-10-03 13:23:47.279 +02:00 [INF] Content root path: /Users/75vikpet/Documents/ITPE3200-Eksamen/Eksamen2024
2024-10-03 13:23:50.380 +02:00 [INF] Request starting HTTP/1.1 GET http://localhost:5091/ - null null
2024-10-03 13:23:50.384 +02:00 [WRN] Failed to determine the https port for redirect.
2024-10-03 13:23:50.400 +02:00 [INF] Executing endpoint 'Eksamen2024.Controllers.HomeController.Index (Eksamen2024)'
2024-10-03 13:23:50.404 +02:00 [INF] Route matched with {action = "Index", controller = "Home"}. Executing controller action with signature Microsoft.AspNetCore.Mvc.IActionResult Index() on controller Eksamen2024.Controllers.HomeController (Eksamen2024).
2024-10-03 13:23:50.408 +02:00 [INF] Executing ViewResult, running view Index.
2024-10-03 13:23:50.472 +02:00 [INF] Executed ViewResult - view Index executed in 63.0617ms.
2024-10-03 13:23:50.474 +02:00 [INF] Executed action Eksamen2024.Controllers.HomeController.Index (Eksamen2024) in 70.3193ms
2024-10-03 13:23:50.474 +02:00 [INF] Executed endpoint 'Eksamen2024.Controllers.HomeController.Index (Eksamen2024)'
2024-10-03 13:23:50.476 +02:00 [INF] Request finished HTTP/1.1 GET http://localhost:5091/ - 200 null text/html; charset=utf-8 96.939ms
2024-10-03 13:23:50.491 +02:00 [INF] Request starting HTTP/1.1 GET http://localhost:5091/lib/bootstrap/dist/css/bootstrap.min.css - null null
2024-10-03 13:23:50.494 +02:00 [INF] The file /lib/bootstrap/dist/css/bootstrap.min.css was not modified
2024-10-03 13:23:50.494 +02:00 [INF] Request starting HTTP/1.1 GET http://localhost:5091/js/testPinpoints.js - null null
2024-10-03 13:23:50.496 +02:00 [INF] Request finished HTTP/1.1 GET http://localhost:5091/lib/bootstrap/dist/css/bootstrap.min.css - 304 null text/css 4.651ms
2024-10-03 13:23:50.496 +02:00 [INF] Request starting HTTP/1.1 GET http://localhost:5091/Eksamen2024.styles.css?v=MPV8iTRG-5G10xkfnhiT3Ve4tx2_r1xsrQJmaEBsvC4 - null null
2024-10-03 13:23:50.497 +02:00 [INF] Request starting HTTP/1.1 GET http://localhost:5091/lib/jquery/dist/jquery.min.js - null null
2024-10-03 13:23:50.496 +02:00 [INF] Request starting HTTP/1.1 GET http://localhost:5091/css/site.css?v=pAGv4ietcJNk_EwsQZ5BN9-K4MuNYS2a9wl4Jw-q9D0 - null null
2024-10-03 13:23:50.497 +02:00 [INF] The file /lib/jquery/dist/jquery.min.js was not modified
2024-10-03 13:23:50.498 +02:00 [INF] The file /css/site.css was not modified
2024-10-03 13:23:50.498 +02:00 [INF] Request finished HTTP/1.1 GET http://localhost:5091/lib/jquery/dist/jquery.min.js - 304 null text/javascript 0.558ms
2024-10-03 13:23:50.498 +02:00 [INF] Request finished HTTP/1.1 GET http://localhost:5091/css/site.css?v=pAGv4ietcJNk_EwsQZ5BN9-K4MuNYS2a9wl4Jw-q9D0 - 304 null text/css 1.5365ms
2024-10-03 13:23:50.498 +02:00 [INF] Request starting HTTP/1.1 GET http://localhost:5091/lib/bootstrap/dist/js/bootstrap.bundle.min.js - null null
2024-10-03 13:23:50.498 +02:00 [INF] Request starting HTTP/1.1 GET http://localhost:5091/js/site.js?v=hRQyftXiu1lLX2P9Ly9xa4gHJgLeR1uGN5qegUobtGo - null null
2024-10-03 13:23:50.498 +02:00 [INF] The file /lib/bootstrap/dist/js/bootstrap.bundle.min.js was not modified
2024-10-03 13:23:50.499 +02:00 [INF] The file /js/site.js was not modified
2024-10-03 13:23:50.500 +02:00 [INF] Request finished HTTP/1.1 GET http://localhost:5091/js/site.js?v=hRQyftXiu1lLX2P9Ly9xa4gHJgLeR1uGN5qegUobtGo - 304 null text/javascript 2.1687ms
2024-10-03 13:23:50.500 +02:00 [INF] Request finished HTTP/1.1 GET http://localhost:5091/lib/bootstrap/dist/js/bootstrap.bundle.min.js - 304 null text/javascript 2.6095ms
2024-10-03 13:23:50.518 +02:00 [INF] Sending file. Request path: '/js/testPinpoints.js'. Physical path: '/Users/75vikpet/Documents/ITPE3200-Eksamen/Eksamen2024/wwwroot/js/testPinpoints.js'
2024-10-03 13:23:50.518 +02:00 [INF] Sending file. Request path: '/Eksamen2024.styles.css'. Physical path: '/Users/75vikpet/Documents/ITPE3200-Eksamen/Eksamen2024/obj/Debug/net8.0/scopedcss/bundle/Eksamen2024.styles.css'
2024-10-03 13:23:50.518 +02:00 [INF] Request finished HTTP/1.1 GET http://localhost:5091/js/testPinpoints.js - 200 2934 text/javascript 23.8419ms
2024-10-03 13:23:50.518 +02:00 [INF] Request finished HTTP/1.1 GET http://localhost:5091/Eksamen2024.styles.css?v=MPV8iTRG-5G10xkfnhiT3Ve4tx2_r1xsrQJmaEBsvC4 - 200 1080 text/css 21.8222ms
2024-10-03 13:23:50.596 +02:00 [INF] Request starting HTTP/1.1 GET http://localhost:5091/api/pinpoints - null null
2024-10-03 13:23:50.599 +02:00 [INF] Request finished HTTP/1.1 GET http://localhost:5091/api/pinpoints - 404 0 null 3.0585ms
2024-10-03 13:23:50.599 +02:00 [INF] Request reached the end of the middleware pipeline without being handled by application code. Request path: GET http://localhost:5091/api/pinpoints, Response status code: 404
2024-10-03 13:24:23.095 +02:00 [INF] Request starting HTTP/1.1 GET http://localhost:5091/api/pointsofinterest - null null
2024-10-03 13:24:23.102 +02:00 [INF] CORS policy execution successful.
2024-10-03 13:24:23.104 +02:00 [INF] Request finished HTTP/1.1 GET http://localhost:5091/api/pointsofinterest - 404 0 null 10.9978ms
2024-10-03 13:24:23.104 +02:00 [INF] Request reached the end of the middleware pipeline without being handled by application code. Request path: GET http://localhost:5091/api/pointsofinterest, Response status code: 404
2024-10-03 13:24:23.105 +02:00 [INF] Request starting HTTP/1.1 GET http://localhost:5091/api/pointsofinterest - null null
2024-10-03 13:24:23.105 +02:00 [INF] CORS policy execution successful.
2024-10-03 13:24:23.105 +02:00 [INF] Request finished HTTP/1.1 GET http://localhost:5091/api/pointsofinterest - 404 0 null 0.2354ms
2024-10-03 13:24:23.105 +02:00 [INF] Request reached the end of the middleware pipeline without being handled by application code. Request path: GET http://localhost:5091/api/pointsofinterest, Response status code: 404
2024-10-03 13:34:17.244 +02:00 [INF] Request starting HTTP/1.1 GET http://localhost:5091/api/pinpoint - null null
2024-10-03 13:34:17.265 +02:00 [INF] CORS policy execution successful.
2024-10-03 13:34:17.267 +02:00 [INF] Executing endpoint 'Eksamen2024.Controllers.PinpointController.GetPinpoints (Eksamen2024)'
2024-10-03 13:34:17.299 +02:00 [INF] Route matched with {action = "GetPinpoints", controller = "Pinpoint"}. Executing controller action with signature System.Threading.Tasks.Task`1[Microsoft.AspNetCore.Mvc.IActionResult] GetPinpoints() on controller Eksamen2024.Controllers.PinpointController (Eksamen2024).
2024-10-03 13:34:17.429 +02:00 [INF] Executed DbCommand (3ms) [Parameters=[], CommandType='"Text"', CommandTimeout='30']
SELECT "p"."PinpointId", "p"."AdminId", "p"."Description", "p"."ImageUrl", "p"."Latitude", "p"."Longitude", "p"."Name", "p"."UserId", "p"."UsersUserId"
FROM "Pinpoints" AS "p"
2024-10-03 13:34:17.441 +02:00 [INF] Executing OkObjectResult, writing value of type 'System.Collections.Generic.List`1[[Eksamen2024.Models.Pinpoint, Eksamen2024, Version=1.0.0.0, Culture=neutral, PublicKeyToken=null]]'.
2024-10-03 13:34:17.485 +02:00 [INF] Executed DbCommand (0ms) [Parameters=[@__p_0='?' (DbType = Int32)], CommandType='"Text"', CommandTimeout='30']
SELECT "c"."CommentId", "c"."AdminId", "c"."PinpointId", "c"."Text", "c"."UserId", "c"."UsersUserId"
FROM "Comments" AS "c"
WHERE "c"."PinpointId" = @__p_0
2024-10-03 13:34:17.490 +02:00 [INF] Executed action Eksamen2024.Controllers.PinpointController.GetPinpoints (Eksamen2024) in 191.5008ms
2024-10-03 13:34:17.491 +02:00 [INF] Executed endpoint 'Eksamen2024.Controllers.PinpointController.GetPinpoints (Eksamen2024)'
2024-10-03 13:34:17.507 +02:00 [ERR] An unhandled exception has occurred while executing the request.
System.Text.Json.JsonException: A possible object cycle was detected. This can either be due to a cycle or if the object depth is larger than the maximum allowed depth of 32. Consider using ReferenceHandler.Preserve on JsonSerializerOptions to support cycles. Path: $.Comments.Pinpoint.Comments.Pinpoint.Comments.Pinpoint.Comments.Pinpoint.Comments.Pinpoint.Comments.Pinpoint.Comments.Pinpoint.Comments.Pinpoint.Comments.Pinpoint.Comments.Pinpoint.PinpointId.
   at System.Text.Json.ThrowHelper.ThrowJsonException_SerializerCycleDetected(Int32 maxDepth)
   at System.Text.Json.Serialization.JsonConverter`1.TryWrite(Utf8JsonWriter writer, T& value, JsonSerializerOptions options, WriteStack& state)
   at System.Text.Json.Serialization.Metadata.JsonPropertyInfo`1.GetMemberAndWriteJson(Object obj, WriteStack& state, Utf8JsonWriter writer)
   at System.Text.Json.Serialization.Converters.ObjectDefaultConverter`1.OnTryWrite(Utf8JsonWriter writer, T value, JsonSerializerOptions options, WriteStack& state)
   at System.Text.Json.Serialization.JsonConverter`1.TryWrite(Utf8JsonWriter writer, T& value, JsonSerializerOptions options, WriteStack& state)
   at System.Text.Json.Serialization.Metadata.JsonPropertyInfo`1.GetMemberAndWriteJson(Object obj, WriteStack& state, Utf8JsonWriter writer)
   at System.Text.Json.Serialization.Converters.ObjectDefaultConverter`1.OnTryWrite(Utf8JsonWriter writer, T value, JsonSerializerOptions options, WriteStack& state)
   at System.Text.Json.Serialization.JsonConverter`1.TryWrite(Utf8JsonWriter writer, T& value, JsonSerializerOptions options, WriteStack& state)
   at System.Text.Json.Serialization.Converters.IEnumerableDefaultConverter`2.OnWriteResume(Utf8JsonWriter writer, TCollection value, JsonSerializerOptions options, WriteStack& state)
   at System.Text.Json.Serialization.JsonCollectionConverter`2.OnTryWrite(Utf8JsonWriter writer, TCollection value, JsonSerializerOptions options, WriteStack& state)
   at System.Text.Json.Serialization.JsonConverter`1.TryWrite(Utf8JsonWriter writer, T& value, JsonSerializerOptions options, WriteStack& state)
   at System.Text.Json.Serialization.Metadata.JsonPropertyInfo`1.GetMemberAndWriteJson(Object obj, WriteStack& state, Utf8JsonWriter writer)
   at System.Text.Json.Serialization.Converters.ObjectDefaultConverter`1.OnTryWrite(Utf8JsonWriter writer, T value, JsonSerializerOptions options, WriteStack& state)
   at System.Text.Json.Serialization.JsonConverter`1.TryWrite(Utf8JsonWriter writer, T& value, JsonSerializerOptions options, WriteStack& state)
   at System.Text.Json.Serialization.Metadata.JsonPropertyInfo`1.GetMemberAndWriteJson(Object obj, WriteStack& state, Utf8JsonWriter writer)
   at System.Text.Json.Serialization.Converters.ObjectDefaultConverter`1.OnTryWrite(Utf8JsonWriter writer, T value, JsonSerializerOptions options, WriteStack& state)
   at System.Text.Json.Serialization.JsonConverter`1.TryWrite(Utf8JsonWriter writer, T& value, JsonSerializerOptions options, WriteStack& state)
   at System.Text.Json.Serialization.Converters.IEnumerableDefaultConverter`2.OnWriteResume(Utf8JsonWriter writer, TCollection value, JsonSerializerOptions options, WriteStack& state)
   at System.Text.Json.Serialization.JsonCollectionConverter`2.OnTryWrite(Utf8JsonWriter writer, TCollection value, JsonSerializerOptions options, WriteStack& state)
   at System.Text.Json.Serialization.JsonConverter`1.TryWrite(Utf8JsonWriter writer, T& value, JsonSerializerOptions options, WriteStack& state)
   at System.Text.Json.Serialization.Metadata.JsonPropertyInfo`1.GetMemberAndWriteJson(Object obj, WriteStack& state, Utf8JsonWriter writer)
   at System.Text.Json.Serialization.Converters.ObjectDefaultConverter`1.OnTryWrite(Utf8JsonWriter writer, T value, JsonSerializerOptions options, WriteStack& state)
   at System.Text.Json.Serialization.JsonConverter`1.TryWrite(Utf8JsonWriter writer, T& value, JsonSerializerOptions options, WriteStack& state)
   at System.Text.Json.Serialization.Metadata.JsonPropertyInfo`1.GetMemberAndWriteJson(Object obj, WriteStack& state, Utf8JsonWriter writer)
   at System.Text.Json.Serialization.Converters.ObjectDefaultConverter`1.OnTryWrite(Utf8JsonWriter writer, T value, JsonSerializerOptions options, WriteStack& state)
   at System.Text.Json.Serialization.JsonConverter`1.TryWrite(Utf8JsonWriter writer, T& value, JsonSerializerOptions options, WriteStack& state)
   at System.Text.Json.Serialization.Converters.IEnumerableDefaultConverter`2.OnWriteResume(Utf8JsonWriter writer, TCollection value, JsonSerializerOptions options, WriteStack& state)
   at System.Text.Json.Serialization.JsonCollectionConverter`2.OnTryWrite(Utf8JsonWriter writer, TCollection value, JsonSerializerOptions options, WriteStack& state)
   at System.Text.Json.Serialization.JsonConverter`1.TryWrite(Utf8JsonWriter writer, T& value, JsonSerializerOptions options, WriteStack& state)
   at System.Text.Json.Serialization.Metadata.JsonPropertyInfo`1.GetMemberAndWriteJson(Object obj, WriteStack& state, Utf8JsonWriter writer)
   at System.Text.Json.Serialization.Converters.ObjectDefaultConverter`1.OnTryWrite(Utf8JsonWriter writer, T value, JsonSerializerOptions options, WriteStack& state)
   at System.Text.Json.Serialization.JsonConverter`1.TryWrite(Utf8JsonWriter writer, T& value, JsonSerializerOptions options, WriteStack& state)
   at System.Text.Json.Serialization.Metadata.JsonPropertyInfo`1.GetMemberAndWriteJson(Object obj, WriteStack& state, Utf8JsonWriter writer)
   at System.Text.Json.Serialization.Converters.ObjectDefaultConverter`1.OnTryWrite(Utf8JsonWriter writer, T value, JsonSerializerOptions options, WriteStack& state)
   at System.Text.Json.Serialization.JsonConverter`1.TryWrite(Utf8JsonWriter writer, T& value, JsonSerializerOptions options, WriteStack& state)
   at System.Text.Json.Serialization.Converters.IEnumerableDefaultConverter`2.OnWriteResume(Utf8JsonWriter writer, TCollection value, JsonSerializerOptions options, WriteStack& state)
   at System.Text.Json.Serialization.JsonCollectionConverter`2.OnTryWrite(Utf8JsonWriter writer, TCollection value, JsonSerializerOptions options, WriteStack& state)
   at System.Text.Json.Serialization.JsonConverter`1.TryWrite(Utf8JsonWriter writer, T& value, JsonSerializerOptions options, WriteStack& state)
   at System.Text.Json.Serialization.Metadata.JsonPropertyInfo`1.GetMemberAndWriteJson(Object obj, WriteStack& state, Utf8JsonWriter writer)
   at System.Text.Json.Serialization.Converters.ObjectDefaultConverter`1.OnTryWrite(Utf8JsonWriter writer, T value, JsonSerializerOptions options, WriteStack& state)
   at System.Text.Json.Serialization.JsonConverter`1.TryWrite(Utf8JsonWriter writer, T& value, JsonSerializerOptions options, WriteStack& state)
   at System.Text.Json.Serialization.Metadata.JsonPropertyInfo`1.GetMemberAndWriteJson(Object obj, WriteStack& state, Utf8JsonWriter writer)
   at System.Text.Json.Serialization.Converters.ObjectDefaultConverter`1.OnTryWrite(Utf8JsonWriter writer, T value, JsonSerializerOptions options, WriteStack& state)
   at System.Text.Json.Serialization.JsonConverter`1.TryWrite(Utf8JsonWriter writer, T& value, JsonSerializerOptions options, WriteStack& state)
   at System.Text.Json.Serialization.Converters.IEnumerableDefaultConverter`2.OnWriteResume(Utf8JsonWriter writer, TCollection value, JsonSerializerOptions options, WriteStack& state)
   at System.Text.Json.Serialization.JsonCollectionConverter`2.OnTryWrite(Utf8JsonWriter writer, TCollection value, JsonSerializerOptions options, WriteStack& state)
   at System.Text.Json.Serialization.JsonConverter`1.TryWrite(Utf8JsonWriter writer, T& value, JsonSerializerOptions options, WriteStack& state)
   at System.Text.Json.Serialization.Metadata.JsonPropertyInfo`1.GetMemberAndWriteJson(Object obj, WriteStack& state, Utf8JsonWriter writer)
   at System.Text.Json.Serialization.Converters.ObjectDefaultConverter`1.OnTryWrite(Utf8JsonWriter writer, T value, JsonSerializerOptions options, WriteStack& state)
   at System.Text.Json.Serialization.JsonConverter`1.TryWrite(Utf8JsonWriter writer, T& value, JsonSerializerOptions options, WriteStack& state)
   at System.Text.Json.Serialization.Metadata.JsonPropertyInfo`1.GetMemberAndWriteJson(Object obj, WriteStack& state, Utf8JsonWriter writer)
   at System.Text.Json.Serialization.Converters.ObjectDefaultConverter`1.OnTryWrite(Utf8JsonWriter writer, T value, JsonSerializerOptions options, WriteStack& state)
   at System.Text.Json.Serialization.JsonConverter`1.TryWrite(Utf8JsonWriter writer, T& value, JsonSerializerOptions options, WriteStack& state)
   at System.Text.Json.Serialization.Converters.IEnumerableDefaultConverter`2.OnWriteResume(Utf8JsonWriter writer, TCollection value, JsonSerializerOptions options, WriteStack& state)
   at System.Text.Json.Serialization.JsonCollectionConverter`2.OnTryWrite(Utf8JsonWriter writer, TCollection value, JsonSerializerOptions options, WriteStack& state)
   at System.Text.Json.Serialization.JsonConverter`1.TryWrite(Utf8JsonWriter writer, T& value, JsonSerializerOptions options, WriteStack& state)
   at System.Text.Json.Serialization.Metadata.JsonPropertyInfo`1.GetMemberAndWriteJson(Object obj, WriteStack& state, Utf8JsonWriter writer)
   at System.Text.Json.Serialization.Converters.ObjectDefaultConverter`1.OnTryWrite(Utf8JsonWriter writer, T value, JsonSerializerOptions options, WriteStack& state)
   at System.Text.Json.Serialization.JsonConverter`1.TryWrite(Utf8JsonWriter writer, T& value, JsonSerializerOptions options, WriteStack& state)
   at System.Text.Json.Serialization.Metadata.JsonPropertyInfo`1.GetMemberAndWriteJson(Object obj, WriteStack& state, Utf8JsonWriter writer)
   at System.Text.Json.Serialization.Converters.ObjectDefaultConverter`1.OnTryWrite(Utf8JsonWriter writer, T value, JsonSerializerOptions options, WriteStack& state)
   at System.Text.Json.Serialization.JsonConverter`1.TryWrite(Utf8JsonWriter writer, T& value, JsonSerializerOptions options, WriteStack& state)
   at System.Text.Json.Serialization.Converters.IEnumerableDefaultConverter`2.OnWriteResume(Utf8JsonWriter writer, TCollection value, JsonSerializerOptions options, WriteStack& state)
   at System.Text.Json.Serialization.JsonCollectionConverter`2.OnTryWrite(Utf8JsonWriter writer, TCollection value, JsonSerializerOptions options, WriteStack& state)
   at System.Text.Json.Serialization.JsonConverter`1.TryWrite(Utf8JsonWriter writer, T& value, JsonSerializerOptions options, WriteStack& state)
   at System.Text.Json.Serialization.Metadata.JsonPropertyInfo`1.GetMemberAndWriteJson(Object obj, WriteStack& state, Utf8JsonWriter writer)
   at System.Text.Json.Serialization.Converters.ObjectDefaultConverter`1.OnTryWrite(Utf8JsonWriter writer, T value, JsonSerializerOptions options, WriteStack& state)
   at System.Text.Json.Serialization.JsonConverter`1.TryWrite(Utf8JsonWriter writer, T& value, JsonSerializerOptions options, WriteStack& state)
   at System.Text.Json.Serialization.Metadata.JsonPropertyInfo`1.GetMemberAndWriteJson(Object obj, WriteStack& state, Utf8JsonWriter writer)
   at System.Text.Json.Serialization.Converters.ObjectDefaultConverter`1.OnTryWrite(Utf8JsonWriter writer, T value, JsonSerializerOptions options, WriteStack& state)
   at System.Text.Json.Serialization.JsonConverter`1.TryWrite(Utf8JsonWriter writer, T& value, JsonSerializerOptions options, WriteStack& state)
   at System.Text.Json.Serialization.Converters.IEnumerableDefaultConverter`2.OnWriteResume(Utf8JsonWriter writer, TCollection value, JsonSerializerOptions options, WriteStack& state)
   at System.Text.Json.Serialization.JsonCollectionConverter`2.OnTryWrite(Utf8JsonWriter writer, TCollection value, JsonSerializerOptions options, WriteStack& state)
   at System.Text.Json.Serialization.JsonConverter`1.TryWrite(Utf8JsonWriter writer, T& value, JsonSerializerOptions options, WriteStack& state)
   at System.Text.Json.Serialization.Metadata.JsonPropertyInfo`1.GetMemberAndWriteJson(Object obj, WriteStack& state, Utf8JsonWriter writer)
   at System.Text.Json.Serialization.Converters.ObjectDefaultConverter`1.OnTryWrite(Utf8JsonWriter writer, T value, JsonSerializerOptions options, WriteStack& state)
   at System.Text.Json.Serialization.JsonConverter`1.TryWrite(Utf8JsonWriter writer, T& value, JsonSerializerOptions options, WriteStack& state)
   at System.Text.Json.Serialization.Metadata.JsonPropertyInfo`1.GetMemberAndWriteJson(Object obj, WriteStack& state, Utf8JsonWriter writer)
   at System.Text.Json.Serialization.Converters.ObjectDefaultConverter`1.OnTryWrite(Utf8JsonWriter writer, T value, JsonSerializerOptions options, WriteStack& state)
   at System.Text.Json.Serialization.JsonConverter`1.TryWrite(Utf8JsonWriter writer, T& value, JsonSerializerOptions options, WriteStack& state)
   at System.Text.Json.Serialization.Converters.IEnumerableDefaultConverter`2.OnWriteResume(Utf8JsonWriter writer, TCollection value, JsonSerializerOptions options, WriteStack& state)
   at System.Text.Json.Serialization.JsonCollectionConverter`2.OnTryWrite(Utf8JsonWriter writer, TCollection value, JsonSerializerOptions options, WriteStack& state)
   at System.Text.Json.Serialization.JsonConverter`1.TryWrite(Utf8JsonWriter writer, T& value, JsonSerializerOptions options, WriteStack& state)
   at System.Text.Json.Serialization.Metadata.JsonPropertyInfo`1.GetMemberAndWriteJson(Object obj, WriteStack& state, Utf8JsonWriter writer)
   at System.Text.Json.Serialization.Converters.ObjectDefaultConverter`1.OnTryWrite(Utf8JsonWriter writer, T value, JsonSerializerOptions options, WriteStack& state)
   at System.Text.Json.Serialization.JsonConverter`1.TryWrite(Utf8JsonWriter writer, T& value, JsonSerializerOptions options, WriteStack& state)
   at System.Text.Json.Serialization.Metadata.JsonPropertyInfo`1.GetMemberAndWriteJson(Object obj, WriteStack& state, Utf8JsonWriter writer)
   at System.Text.Json.Serialization.Converters.ObjectDefaultConverter`1.OnTryWrite(Utf8JsonWriter writer, T value, JsonSerializerOptions options, WriteStack& state)
   at System.Text.Json.Serialization.JsonConverter`1.TryWrite(Utf8JsonWriter writer, T& value, JsonSerializerOptions options, WriteStack& state)
   at System.Text.Json.Serialization.Converters.IEnumerableDefaultConverter`2.OnWriteResume(Utf8JsonWriter writer, TCollection value, JsonSerializerOptions options, WriteStack& state)
   at System.Text.Json.Serialization.JsonCollectionConverter`2.OnTryWrite(Utf8JsonWriter writer, TCollection value, JsonSerializerOptions options, WriteStack& state)
   at System.Text.Json.Serialization.JsonConverter`1.TryWrite(Utf8JsonWriter writer, T& value, JsonSerializerOptions options, WriteStack& state)
   at System.Text.Json.Serialization.Metadata.JsonPropertyInfo`1.GetMemberAndWriteJson(Object obj, WriteStack& state, Utf8JsonWriter writer)
   at System.Text.Json.Serialization.Converters.ObjectDefaultConverter`1.OnTryWrite(Utf8JsonWriter writer, T value, JsonSerializerOptions options, WriteStack& state)
   at System.Text.Json.Serialization.JsonConverter`1.TryWrite(Utf8JsonWriter writer, T& value, JsonSerializerOptions options, WriteStack& state)
   at System.Text.Json.Serialization.Converters.ListOfTConverter`2.OnWriteResume(Utf8JsonWriter writer, TCollection value, JsonSerializerOptions options, WriteStack& state)
   at System.Text.Json.Serialization.JsonCollectionConverter`2.OnTryWrite(Utf8JsonWriter writer, TCollection value, JsonSerializerOptions options, WriteStack& state)
   at System.Text.Json.Serialization.JsonConverter`1.TryWrite(Utf8JsonWriter writer, T& value, JsonSerializerOptions options, WriteStack& state)
   at System.Text.Json.Serialization.JsonConverter`1.WriteCore(Utf8JsonWriter writer, T& value, JsonSerializerOptions options, WriteStack& state)
   at System.Text.Json.Serialization.Metadata.JsonTypeInfo`1.SerializeAsync(Stream utf8Json, T rootValue, CancellationToken cancellationToken, Object rootValueBoxed)
   at System.Text.Json.Serialization.Metadata.JsonTypeInfo`1.SerializeAsync(Stream utf8Json, T rootValue, CancellationToken cancellationToken, Object rootValueBoxed)
   at System.Text.Json.Serialization.Metadata.JsonTypeInfo`1.SerializeAsync(Stream utf8Json, T rootValue, CancellationToken cancellationToken, Object rootValueBoxed)
   at Microsoft.AspNetCore.Mvc.Formatters.SystemTextJsonOutputFormatter.WriteResponseBodyAsync(OutputFormatterWriteContext context, Encoding selectedEncoding)
   at Microsoft.AspNetCore.Mvc.Infrastructure.ResourceInvoker.<InvokeNextResultFilterAsync>g__Awaited|30_0[TFilter,TFilterAsync](ResourceInvoker invoker, Task lastTask, State next, Scope scope, Object state, Boolean isCompleted)
   at Microsoft.AspNetCore.Mvc.Infrastructure.ResourceInvoker.Rethrow(ResultExecutedContextSealed context)
   at Microsoft.AspNetCore.Mvc.Infrastructure.ResourceInvoker.ResultNext[TFilter,TFilterAsync](State& next, Scope& scope, Object& state, Boolean& isCompleted)
   at Microsoft.AspNetCore.Mvc.Infrastructure.ResourceInvoker.InvokeResultFilters()
--- End of stack trace from previous location ---
   at Microsoft.AspNetCore.Mvc.Infrastructure.ResourceInvoker.<InvokeNextResourceFilter>g__Awaited|25_0(ResourceInvoker invoker, Task lastTask, State next, Scope scope, Object state, Boolean isCompleted)
   at Microsoft.AspNetCore.Mvc.Infrastructure.ResourceInvoker.Rethrow(ResourceExecutedContextSealed context)
   at Microsoft.AspNetCore.Mvc.Infrastructure.ResourceInvoker.Next(State& next, Scope& scope, Object& state, Boolean& isCompleted)
   at Microsoft.AspNetCore.Mvc.Infrastructure.ResourceInvoker.InvokeFilterPipelineAsync()
--- End of stack trace from previous location ---
   at Microsoft.AspNetCore.Mvc.Infrastructure.ResourceInvoker.<InvokeAsync>g__Logged|17_1(ResourceInvoker invoker)
   at Microsoft.AspNetCore.Mvc.Infrastructure.ResourceInvoker.<InvokeAsync>g__Logged|17_1(ResourceInvoker invoker)
   at Microsoft.AspNetCore.Routing.EndpointMiddleware.<Invoke>g__AwaitRequestTask|7_0(Endpoint endpoint, Task requestTask, ILogger logger)
   at Microsoft.AspNetCore.Authorization.AuthorizationMiddleware.Invoke(HttpContext context)
   at Microsoft.AspNetCore.Authentication.AuthenticationMiddleware.Invoke(HttpContext context)
   at Microsoft.AspNetCore.Diagnostics.DeveloperExceptionPageMiddlewareImpl.Invoke(HttpContext context)
2024-10-03 13:34:17.522 +02:00 [INF] Request finished HTTP/1.1 GET http://localhost:5091/api/pinpoint - 500 null text/plain; charset=utf-8 278.6776ms
2024-10-03 13:36:32.847 +02:00 [INF] Application is shutting down...
